2023-10-15 22:21:06.176  INFO 7104 --- [main] c.e.service.teams.TeamsApplication       : No active profile set, falling back to default profiles: default
2023-10-15 22:21:06.199  INFO 7104 --- [main] ationConfigEmbeddedWebApplicationContext : Refreshing org.springframework.boot.context.embedded.AnnotationConfigEmbeddedWebApplicationContext@3a3e78f: startup date [Sun Oct 15 22:21:06 CEST 2023]; parent: org.springframework.context.annotation.AnnotationConfigApplicationContext@661972b0
2023-10-15 22:21:07.973  INFO 7104 --- [main] o.s.cloud.context.scope.GenericScope     : BeanFactory id=4d8d3daa-a4d6-3b37-becb-3d20f3d6f9ab
2023-10-15 22:21:08.015  INFO 7104 --- [main] f.a.AutowiredAnnotationBeanPostProcessor : JSR-330 'javax.inject.Inject' annotation found and supported for autowiring
2023-10-15 22:21:08.376  INFO 7104 --- [main] trationDelegate$BeanPostProcessorChecker : Bean 'org.springframework.cloud.netflix.metrics.MetricsInterceptorConfiguration$MetricsRestTemplateConfiguration' of type [org.springframework.cloud.netflix.metrics.MetricsInterceptorConfiguration$MetricsRestTemplateConfiguration$$EnhancerBySpringCGLIB$$347a3376] is not eligible for getting processed by all BeanPostProcessors (for example: not eligible for auto-proxying)
2023-10-15 22:21:08.394  INFO 7104 --- [main] trationDelegate$BeanPostProcessorChecker : Bean 'org.springframework.cloud.autoconfigure.ConfigurationPropertiesRebinderAutoConfiguration' of type [org.springframework.cloud.autoconfigure.ConfigurationPropertiesRebinderAutoConfiguration$$EnhancerBySpringCGLIB$$1e679032] is not eligible for getting processed by all BeanPostProcessors (for example: not eligible for auto-proxying)
2023-10-15 22:21:08.874  INFO 7104 --- [main] s.b.c.e.t.TomcatEmbeddedServletContainer : Tomcat initialized with port(s): 8012 (http)
2023-10-15 22:21:08.890  INFO 7104 --- [main] o.apache.catalina.core.StandardService   : Starting service [Tomcat]
2023-10-15 22:21:08.893  INFO 7104 --- [main] org.apache.catalina.core.StandardEngine  : Starting Servlet Engine: Apache Tomcat/8.5.27
2023-10-15 22:21:09.080  INFO 7104 --- [localhost-startStop-1] o.a.c.c.C.[Tomcat].[localhost].[/]       : Initializing Spring embedded WebApplicationContext
2023-10-15 22:21:09.081  INFO 7104 --- [localhost-startStop-1] o.s.web.context.ContextLoader            : Root WebApplicationContext: initialization completed in 2882 ms
2023-10-15 22:21:09.516  INFO 7104 --- [localhost-startStop-1] o.s.b.w.servlet.ServletRegistrationBean  : Mapping servlet: 'proxyStreamServlet' to [/proxy.stream]
2023-10-15 22:21:09.520  INFO 7104 --- [localhost-startStop-1] o.s.b.w.servlet.ServletRegistrationBean  : Mapping servlet: 'dispatcherServlet' to [/]
2023-10-15 22:21:09.525  INFO 7104 --- [localhost-startStop-1] o.s.b.w.servlet.FilterRegistrationBean   : Mapping filter: 'metricsFilter' to: [/*]
2023-10-15 22:21:09.526  INFO 7104 --- [localhost-startStop-1] o.s.b.w.servlet.FilterRegistrationBean   : Mapping filter: 'characterEncodingFilter' to: [/*]
2023-10-15 22:21:09.526  INFO 7104 --- [localhost-startStop-1] o.s.b.w.servlet.FilterRegistrationBean   : Mapping filter: 'hiddenHttpMethodFilter' to: [/*]
2023-10-15 22:21:09.527  INFO 7104 --- [localhost-startStop-1] o.s.b.w.servlet.FilterRegistrationBean   : Mapping filter: 'httpPutFormContentFilter' to: [/*]
2023-10-15 22:21:09.527  INFO 7104 --- [localhost-startStop-1] o.s.b.w.servlet.FilterRegistrationBean   : Mapping filter: 'requestContextFilter' to: [/*]
2023-10-15 22:21:09.527  INFO 7104 --- [localhost-startStop-1] o.s.b.w.servlet.FilterRegistrationBean   : Mapping filter: 'webRequestLoggingFilter' to: [/*]
2023-10-15 22:21:09.527  INFO 7104 --- [localhost-startStop-1] o.s.b.w.servlet.FilterRegistrationBean   : Mapping filter: 'applicationContextIdFilter' to: [/*]
2023-10-15 22:21:10.856  INFO 7104 --- [main] s.w.s.m.m.a.RequestMappingHandlerMapping : Mapped "{[/teams],methods=[POST]}" onto public java.lang.String com.example.service.teams.controller.TeamServiceController.createTeam(com.example.service.teams.bean.Team) throws java.io.IOException
2023-10-15 22:21:10.859  INFO 7104 --- [main] s.w.s.m.m.a.RequestMappingHandlerMapping : Mapped "{[/teams/{id}],methods=[PUT]}" onto public java.lang.String com.example.service.teams.controller.TeamServiceController.updateTeam(java.lang.Long,com.example.service.teams.bean.Team)
2023-10-15 22:21:10.860  INFO 7104 --- [main] s.w.s.m.m.a.RequestMappingHandlerMapping : Mapped "{[/teams/{id}],methods=[DELETE]}" onto public java.lang.String com.example.service.teams.controller.TeamServiceController.deleteTeam(java.lang.Long)
2023-10-15 22:21:10.861  INFO 7104 --- [main] s.w.s.m.m.a.RequestMappingHandlerMapping : Mapped "{[/teams/{id}],methods=[GET]}" onto public com.example.service.teams.bean.Team com.example.service.teams.controller.TeamServiceController.getTeam(java.lang.Long)
2023-10-15 22:21:10.863  INFO 7104 --- [main] s.w.s.m.m.a.RequestMappingHandlerMapping : Mapped "{[/v2/api-docs],methods=[GET],produces=[application/json || application/hal+json]}" onto public org.springframework.http.ResponseEntity<springfox.documentation.spring.web.json.Json> springfox.documentation.swagger2.web.Swagger2Controller.getDocumentation(java.lang.String,javax.servlet.http.HttpServletRequest)
2023-10-15 22:21:10.867  INFO 7104 --- [main] s.w.s.m.m.a.RequestMappingHandlerMapping : Mapped "{[/swagger-resources/configuration/security]}" onto org.springframework.http.ResponseEntity<springfox.documentation.swagger.web.SecurityConfiguration> springfox.documentation.swagger.web.ApiResourceController.securityConfiguration()
2023-10-15 22:21:10.869  INFO 7104 --- [main] s.w.s.m.m.a.RequestMappingHandlerMapping : Mapped "{[/swagger-resources/configuration/ui]}" onto org.springframework.http.ResponseEntity<springfox.documentation.swagger.web.UiConfiguration> springfox.documentation.swagger.web.ApiResourceController.uiConfiguration()
2023-10-15 22:21:10.871  INFO 7104 --- [main] s.w.s.m.m.a.RequestMappingHandlerMapping : Mapped "{[/swagger-resources]}" onto org.springframework.http.ResponseEntity<java.util.List<springfox.documentation.swagger.web.SwaggerResource>> springfox.documentation.swagger.web.ApiResourceController.swaggerResources()
2023-10-15 22:21:10.874  INFO 7104 --- [main] s.w.s.m.m.a.RequestMappingHandlerMapping : Mapped "{[/hystrix/{path}]}" onto public java.lang.String org.springframework.cloud.netflix.hystrix.dashboard.HystrixDashboardController.monitor(java.lang.String,org.springframework.ui.Model,org.springframework.web.context.request.WebRequest)
2023-10-15 22:21:10.875  INFO 7104 --- [main] s.w.s.m.m.a.RequestMappingHandlerMapping : Mapped "{[/hystrix]}" onto public java.lang.String org.springframework.cloud.netflix.hystrix.dashboard.HystrixDashboardController.home(org.springframework.ui.Model,org.springframework.web.context.request.WebRequest)
2023-10-15 22:21:10.881  INFO 7104 --- [main] s.w.s.m.m.a.RequestMappingHandlerMapping : Mapped "{[/error],produces=[text/html]}" onto public org.springframework.web.servlet.ModelAndView org.springframework.boot.autoconfigure.web.BasicErrorController.errorHtml(javax.servlet.http.HttpServletRequest,javax.servlet.http.HttpServletResponse)
2023-10-15 22:21:10.882  INFO 7104 --- [main] s.w.s.m.m.a.RequestMappingHandlerMapping : Mapped "{[/error]}" onto public org.springframework.http.ResponseEntity<java.util.Map<java.lang.String, java.lang.Object>> org.springframework.boot.autoconfigure.web.BasicErrorController.error(javax.servlet.http.HttpServletRequest)
2023-10-15 22:21:10.958  WARN 7104 --- [main] c.n.c.sources.URLConfigurationSource     : No URLs will be polled as dynamic configuration sources.
2023-10-15 22:21:10.959  INFO 7104 --- [main] c.n.c.sources.URLConfigurationSource     : To enable URLs as dynamic configuration sources, define System property archaius.configurationSource.additionalUrls or make config.properties available on classpath.
2023-10-15 22:21:10.966  INFO 7104 --- [main] c.netflix.config.DynamicPropertyFactory  : DynamicPropertyFactory is initialized with configuration sources: com.netflix.config.ConcurrentCompositeConfiguration@2349f14d
2023-10-15 22:21:12.728  INFO 7104 --- [main] o.s.b.a.e.mvc.EndpointHandlerMapping     : Mapped "{[/hystrix.stream/**]}" onto public org.springframework.web.servlet.ModelAndView org.springframework.cloud.netflix.endpoint.ServletWrappingEndpoint.handle(javax.servlet.http.HttpServletRequest,javax.servlet.http.HttpServletResponse) throws java.lang.Exception
2023-10-15 22:21:12.730  INFO 7104 --- [main] o.s.b.a.e.mvc.EndpointHandlerMapping     : Mapped "{[/dump || /dump.json],methods=[GET],produces=[application/vnd.spring-boot.actuator.v1+json || application/json]}" onto public java.lang.Object org.springframework.boot.actuate.endpoint.mvc.EndpointMvcAdapter.invoke()
2023-10-15 22:21:12.731  INFO 7104 --- [main] o.s.b.a.e.mvc.EndpointHandlerMapping     : Mapped "{[/autoconfig || /autoconfig.json],methods=[GET],produces=[application/vnd.spring-boot.actuator.v1+json || application/json]}" onto public java.lang.Object org.springframework.boot.actuate.endpoint.mvc.EndpointMvcAdapter.invoke()
2023-10-15 22:21:12.732  INFO 7104 --- [main] o.s.b.a.e.mvc.EndpointHandlerMapping     : Mapped "{[/heapdump || /heapdump.json],methods=[GET],produces=[application/octet-stream]}" onto public void org.springframework.boot.actuate.endpoint.mvc.HeapdumpMvcEndpoint.invoke(boolean,javax.servlet.http.HttpServletRequest,javax.servlet.http.HttpServletResponse) throws java.io.IOException,javax.servlet.ServletException
2023-10-15 22:21:12.732  INFO 7104 --- [main] o.s.b.a.e.mvc.EndpointHandlerMapping     : Mapped "{[/archaius || /archaius.json],methods=[GET],produces=[application/vnd.spring-boot.actuator.v1+json || application/json]}" onto public java.lang.Object org.springframework.boot.actuate.endpoint.mvc.EndpointMvcAdapter.invoke()
2023-10-15 22:21:12.733  INFO 7104 --- [main] o.s.b.a.e.mvc.EndpointHandlerMapping     : Mapped "{[/beans || /beans.json],methods=[GET],produces=[application/vnd.spring-boot.actuator.v1+json || application/json]}" onto public java.lang.Object org.springframework.boot.actuate.endpoint.mvc.EndpointMvcAdapter.invoke()
2023-10-15 22:21:12.734  INFO 7104 --- [main] o.s.b.a.e.mvc.EndpointHandlerMapping     : Mapped "{[/configprops || /configprops.json],methods=[GET],produces=[application/vnd.spring-boot.actuator.v1+json || application/json]}" onto public java.lang.Object org.springframework.boot.actuate.endpoint.mvc.EndpointMvcAdapter.invoke()
2023-10-15 22:21:12.735  INFO 7104 --- [main] o.s.b.a.e.mvc.EndpointHandlerMapping     : Mapped "{[/auditevents || /auditevents.json],methods=[GET],produces=[application/vnd.spring-boot.actuator.v1+json || application/json]}" onto public org.springframework.http.ResponseEntity<?> org.springframework.boot.actuate.endpoint.mvc.AuditEventsMvcEndpoint.findByPrincipalAndAfterAndType(java.lang.String,java.util.Date,java.lang.String)
2023-10-15 22:21:12.738  INFO 7104 --- [main] o.s.b.a.e.mvc.EndpointHandlerMapping     : Mapped "{[/loggers/{name:.*}],methods=[GET],produces=[application/vnd.spring-boot.actuator.v1+json || application/json]}" onto public java.lang.Object org.springframework.boot.actuate.endpoint.mvc.LoggersMvcEndpoint.get(java.lang.String)
2023-10-15 22:21:12.739  INFO 7104 --- [main] o.s.b.a.e.mvc.EndpointHandlerMapping     : Mapped "{[/loggers/{name:.*}],methods=[POST],consumes=[application/vnd.spring-boot.actuator.v1+json || application/json],produces=[application/vnd.spring-boot.actuator.v1+json || application/json]}" onto public java.lang.Object org.springframework.boot.actuate.endpoint.mvc.LoggersMvcEndpoint.set(java.lang.String,java.util.Map<java.lang.String, java.lang.String>)
2023-10-15 22:21:12.739  INFO 7104 --- [main] o.s.b.a.e.mvc.EndpointHandlerMapping     : Mapped "{[/loggers || /loggers.json],methods=[GET],produces=[application/vnd.spring-boot.actuator.v1+json || application/json]}" onto public java.lang.Object org.springframework.boot.actuate.endpoint.mvc.EndpointMvcAdapter.invoke()
2023-10-15 22:21:12.740  INFO 7104 --- [main] o.s.b.a.e.mvc.EndpointHandlerMapping     : Mapped "{[/service-registry/instance-status],methods=[POST]}" onto public org.springframework.http.ResponseEntity<?> org.springframework.cloud.client.serviceregistry.endpoint.ServiceRegistryEndpoint.setStatus(java.lang.String)
2023-10-15 22:21:12.740  INFO 7104 --- [main] o.s.b.a.e.mvc.EndpointHandlerMapping     : Mapped "{[/service-registry/instance-status],methods=[GET]}" onto public org.springframework.http.ResponseEntity org.springframework.cloud.client.serviceregistry.endpoint.ServiceRegistryEndpoint.getStatus()
2023-10-15 22:21:12.742  INFO 7104 --- [main] o.s.b.a.e.mvc.EndpointHandlerMapping     : Mapped "{[/refresh || /refresh.json],methods=[POST]}" onto public java.lang.Object org.springframework.cloud.endpoint.GenericPostableMvcEndpoint.invoke()
2023-10-15 22:21:12.744  INFO 7104 --- [main] o.s.b.a.e.mvc.EndpointHandlerMapping     : Mapped "{[/env],methods=[POST]}" onto public java.lang.Object org.springframework.cloud.context.environment.EnvironmentManagerMvcEndpoint.value(java.util.Map<java.lang.String, java.lang.String>)
2023-10-15 22:21:12.745  INFO 7104 --- [main] o.s.b.a.e.mvc.EndpointHandlerMapping     : Mapped "{[/env/reset],methods=[POST]}" onto public java.util.Map<java.lang.String, java.lang.Object> org.springframework.cloud.context.environment.EnvironmentManagerMvcEndpoint.reset()
2023-10-15 22:21:12.746  INFO 7104 --- [main] o.s.b.a.e.mvc.EndpointHandlerMapping     : Mapped "{[/features || /features.json],methods=[GET],produces=[application/vnd.spring-boot.actuator.v1+json || application/json]}" onto public java.lang.Object org.springframework.boot.actuate.endpoint.mvc.EndpointMvcAdapter.invoke()
2023-10-15 22:21:12.747  INFO 7104 --- [main] o.s.b.a.e.mvc.EndpointHandlerMapping     : Mapped "{[/metrics/{name:.*}],methods=[GET],produces=[application/vnd.spring-boot.actuator.v1+json || application/json]}" onto public java.lang.Object org.springframework.boot.actuate.endpoint.mvc.MetricsMvcEndpoint.value(java.lang.String)
2023-10-15 22:21:12.748  INFO 7104 --- [main] o.s.b.a.e.mvc.EndpointHandlerMapping     : Mapped "{[/metrics || /metrics.json],methods=[GET],produces=[application/vnd.spring-boot.actuator.v1+json || application/json]}" onto public java.lang.Object org.springframework.boot.actuate.endpoint.mvc.EndpointMvcAdapter.invoke()
2023-10-15 22:21:12.749  INFO 7104 --- [main] o.s.b.a.e.mvc.EndpointHandlerMapping     : Mapped "{[/health || /health.json],methods=[GET],produces=[application/vnd.spring-boot.actuator.v1+json || application/json]}" onto public java.lang.Object org.springframework.boot.actuate.endpoint.mvc.HealthMvcEndpoint.invoke(javax.servlet.http.HttpServletRequest,java.security.Principal)
2023-10-15 22:21:12.750  INFO 7104 --- [main] o.s.b.a.e.mvc.EndpointHandlerMapping     : Mapped "{[/logfile || /logfile.json],methods=[GET || HEAD]}" onto public void org.springframework.boot.actuate.endpoint.mvc.LogFileMvcEndpoint.invoke(javax.servlet.http.HttpServletRequest,javax.servlet.http.HttpServletResponse) throws javax.servlet.ServletException,java.io.IOException
2023-10-15 22:21:12.751  INFO 7104 --- [main] o.s.b.a.e.mvc.EndpointHandlerMapping     : Mapped "{[/env/{name:.*}],methods=[GET],produces=[application/vnd.spring-boot.actuator.v1+json || application/json]}" onto public java.lang.Object org.springframework.boot.actuate.endpoint.mvc.EnvironmentMvcEndpoint.value(java.lang.String)
2023-10-15 22:21:12.751  INFO 7104 --- [main] o.s.b.a.e.mvc.EndpointHandlerMapping     : Mapped "{[/env || /env.json],methods=[GET],produces=[application/vnd.spring-boot.actuator.v1+json || application/json]}" onto public java.lang.Object org.springframework.boot.actuate.endpoint.mvc.EndpointMvcAdapter.invoke()
2023-10-15 22:21:12.752  INFO 7104 --- [main] o.s.b.a.e.mvc.EndpointHandlerMapping     : Mapped "{[/mappings || /mappings.json],methods=[GET],produces=[application/vnd.spring-boot.actuator.v1+json || application/json]}" onto public java.lang.Object org.springframework.boot.actuate.endpoint.mvc.EndpointMvcAdapter.invoke()
2023-10-15 22:21:12.753  INFO 7104 --- [main] o.s.b.a.e.mvc.EndpointHandlerMapping     : Mapped "{[/info || /info.json],methods=[GET],produces=[application/vnd.spring-boot.actuator.v1+json || application/json]}" onto public java.lang.Object org.springframework.boot.actuate.endpoint.mvc.EndpointMvcAdapter.invoke()
2023-10-15 22:21:12.754  INFO 7104 --- [main] o.s.b.a.e.mvc.EndpointHandlerMapping     : Mapped "{[/trace || /trace.json],methods=[GET],produces=[application/vnd.spring-boot.actuator.v1+json || application/json]}" onto public java.lang.Object org.springframework.boot.actuate.endpoint.mvc.EndpointMvcAdapter.invoke()
2023-10-15 22:21:13.106  INFO 7104 --- [main] o.s.ui.freemarker.SpringTemplateLoader   : SpringTemplateLoader for FreeMarker: using resource loader [org.springframework.boot.context.embedded.AnnotationConfigEmbeddedWebApplicationContext@3a3e78f: startup date [Sun Oct 15 22:21:06 CEST 2023]; parent: org.springframework.context.annotation.AnnotationConfigApplicationContext@661972b0] and template loader path [classpath:/templates/]
2023-10-15 22:21:13.109  INFO 7104 --- [main] o.s.w.s.v.f.FreeMarkerConfigurer         : ClassTemplateLoader for Spring macros added to FreeMarker configuration
2023-10-15 22:21:13.267  WARN 7104 --- [main] c.n.c.sources.URLConfigurationSource     : No URLs will be polled as dynamic configuration sources.
2023-10-15 22:21:13.268  INFO 7104 --- [main] c.n.c.sources.URLConfigurationSource     : To enable URLs as dynamic configuration sources, define System property archaius.configurationSource.additionalUrls or make config.properties available on classpath.
2023-10-15 22:21:13.507  INFO 7104 --- [main] s.w.s.m.m.a.RequestMappingHandlerAdapter : Looking for @ControllerAdvice: org.springframework.boot.context.embedded.AnnotationConfigEmbeddedWebApplicationContext@3a3e78f: startup date [Sun Oct 15 22:21:06 CEST 2023]; parent: org.springframework.context.annotation.AnnotationConfigApplicationContext@661972b0
2023-10-15 22:21:13.593  INFO 7104 --- [main] o.s.w.s.handler.SimpleUrlHandlerMapping  : Mapped URL path [/swagger-ui.html] onto handler of type [class org.springframework.web.servlet.resource.ResourceHttpRequestHandler]
2023-10-15 22:21:13.593  INFO 7104 --- [main] o.s.w.s.handler.SimpleUrlHandlerMapping  : Mapped URL path [/webjars/**] onto handler of type [class org.springframework.web.servlet.resource.ResourceHttpRequestHandler]
2023-10-15 22:21:13.593  INFO 7104 --- [main] o.s.w.s.handler.SimpleUrlHandlerMapping  : Mapped URL path [/**] onto handler of type [class org.springframework.web.servlet.resource.ResourceHttpRequestHandler]
2023-10-15 22:21:13.655  INFO 7104 --- [main] o.s.w.s.handler.SimpleUrlHandlerMapping  : Mapped URL path [/**/favicon.ico] onto handler of type [class org.springframework.web.servlet.resource.ResourceHttpRequestHandler]
2023-10-15 22:21:14.289  WARN 7104 --- [main] arterDeprecationWarningAutoConfiguration : spring-cloud-starter-eureka-server is deprecated as of Spring Cloud Netflix 1.4.0, please migrate to spring-cloud-starter-netflix-eureka-server
2023-10-15 22:21:14.405  INFO 7104 --- [main] o.s.j.e.a.AnnotationMBeanExporter        : Registering beans for JMX exposure on startup
2023-10-15 22:21:14.429  INFO 7104 --- [main] o.s.j.e.a.AnnotationMBeanExporter        : Bean with name 'configurationPropertiesRebinder' has been autodetected for JMX exposure
2023-10-15 22:21:14.430  INFO 7104 --- [main] o.s.j.e.a.AnnotationMBeanExporter        : Bean with name 'refreshEndpoint' has been autodetected for JMX exposure
2023-10-15 22:21:14.431  INFO 7104 --- [main] o.s.j.e.a.AnnotationMBeanExporter        : Bean with name 'environmentManager' has been autodetected for JMX exposure
2023-10-15 22:21:14.432  INFO 7104 --- [main] o.s.j.e.a.AnnotationMBeanExporter        : Bean with name 'serviceRegistryEndpoint' has been autodetected for JMX exposure
2023-10-15 22:21:14.434  INFO 7104 --- [main] o.s.j.e.a.AnnotationMBeanExporter        : Bean with name 'refreshScope' has been autodetected for JMX exposure
2023-10-15 22:21:14.439  INFO 7104 --- [main] o.s.j.e.a.AnnotationMBeanExporter        : Located managed bean 'environmentManager': registering with JMX server as MBean [org.springframework.cloud.context.environment:name=environmentManager,type=EnvironmentManager]
2023-10-15 22:21:14.465  INFO 7104 --- [main] o.s.j.e.a.AnnotationMBeanExporter        : Located managed bean 'serviceRegistryEndpoint': registering with JMX server as MBean [org.springframework.cloud.client.serviceregistry.endpoint:name=serviceRegistryEndpoint,type=ServiceRegistryEndpoint]
2023-10-15 22:21:14.480  INFO 7104 --- [main] o.s.j.e.a.AnnotationMBeanExporter        : Located managed bean 'refreshScope': registering with JMX server as MBean [org.springframework.cloud.context.scope.refresh:name=refreshScope,type=RefreshScope]
2023-10-15 22:21:14.506  INFO 7104 --- [main] o.s.j.e.a.AnnotationMBeanExporter        : Located managed bean 'configurationPropertiesRebinder': registering with JMX server as MBean [org.springframework.cloud.context.properties:name=configurationPropertiesRebinder,context=3a3e78f,type=ConfigurationPropertiesRebinder]
2023-10-15 22:21:14.527  INFO 7104 --- [main] o.s.j.e.a.AnnotationMBeanExporter        : Located managed bean 'refreshEndpoint': registering with JMX server as MBean [org.springframework.cloud.endpoint:name=refreshEndpoint,type=RefreshEndpoint]
2023-10-15 22:21:14.561  INFO 7104 --- [main] o.s.c.support.DefaultLifecycleProcessor  : Starting beans in phase 0
2023-10-15 22:21:14.576  INFO 7104 --- [main] o.s.c.n.eureka.InstanceInfoFactory       : Setting initial instance status as: STARTING
2023-10-15 22:21:14.644  INFO 7104 --- [main] com.netflix.discovery.DiscoveryClient    : Initializing Eureka in region us-east-1
2023-10-15 22:21:15.032  INFO 7104 --- [main] c.n.d.provider.DiscoveryJerseyProvider   : Using JSON encoding codec LegacyJacksonJson
2023-10-15 22:21:15.033  INFO 7104 --- [main] c.n.d.provider.DiscoveryJerseyProvider   : Using JSON decoding codec LegacyJacksonJson
2023-10-15 22:21:15.183  INFO 7104 --- [main] c.n.d.provider.DiscoveryJerseyProvider   : Using XML encoding codec XStreamXml
2023-10-15 22:21:15.183  INFO 7104 --- [main] c.n.d.provider.DiscoveryJerseyProvider   : Using XML decoding codec XStreamXml
2023-10-15 22:21:15.573  INFO 7104 --- [main] c.n.d.s.r.aws.ConfigClusterResolver      : Resolving eureka endpoints via configuration
2023-10-15 22:21:15.843  INFO 7104 --- [main] com.netflix.discovery.DiscoveryClient    : Disable delta property : false
2023-10-15 22:21:15.844  INFO 7104 --- [main] com.netflix.discovery.DiscoveryClient    : Single vip registry refresh property : null
2023-10-15 22:21:15.844  INFO 7104 --- [main] com.netflix.discovery.DiscoveryClient    : Force full registry fetch : false
2023-10-15 22:21:15.844  INFO 7104 --- [main] com.netflix.discovery.DiscoveryClient    : Application is null : false
2023-10-15 22:21:15.844  INFO 7104 --- [main] com.netflix.discovery.DiscoveryClient    : Registered Applications size is zero : true
2023-10-15 22:21:15.845  INFO 7104 --- [main] com.netflix.discovery.DiscoveryClient    : Application version is -1: true
2023-10-15 22:21:15.846  INFO 7104 --- [main] com.netflix.discovery.DiscoveryClient    : Getting all instance registry info from the eureka server
2023-10-15 22:21:16.199  INFO 7104 --- [main] com.netflix.discovery.DiscoveryClient    : The response status is 200
2023-10-15 22:21:16.202  INFO 7104 --- [main] com.netflix.discovery.DiscoveryClient    : Starting heartbeat executor: renew interval is: 5
2023-10-15 22:21:16.206  INFO 7104 --- [main] c.n.discovery.InstanceInfoReplicator     : InstanceInfoReplicator onDemand update allowed rate per min is 4
2023-10-15 22:21:16.211  INFO 7104 --- [main] com.netflix.discovery.DiscoveryClient    : Discovery Client initialized at timestamp 1697401276211 with initial instances count: 2
2023-10-15 22:21:16.223  INFO 7104 --- [main] o.s.c.n.e.s.EurekaServiceRegistry        : Registering application TeamService with eureka with status UP
2023-10-15 22:21:16.225  INFO 7104 --- [main] com.netflix.discovery.DiscoveryClient    : Saw local status change event StatusChangeEvent [timestamp=1697401276225, current=UP, previous=STARTING]
2023-10-15 22:21:16.235  INFO 7104 --- [DiscoveryClient-InstanceInfoReplicator-0] com.netflix.discovery.DiscoveryClient    : DiscoveryClient_TEAMSERVICE/Amineenima:TeamService:8012: registering service...
2023-10-15 22:21:16.299  INFO 7104 --- [DiscoveryClient-InstanceInfoReplicator-0] com.netflix.discovery.DiscoveryClient    : DiscoveryClient_TEAMSERVICE/Amineenima:TeamService:8012 - registration status: 204
2023-10-15 22:21:16.314  INFO 7104 --- [main] o.s.c.support.DefaultLifecycleProcessor  : Starting beans in phase 2147483647
2023-10-15 22:21:16.315  INFO 7104 --- [main] d.s.w.p.DocumentationPluginsBootstrapper : Context refreshed
2023-10-15 22:21:16.344  INFO 7104 --- [main] d.s.w.p.DocumentationPluginsBootstrapper : Found 1 custom documentation plugin(s)
2023-10-15 22:21:16.371  INFO 7104 --- [main] s.d.s.w.s.ApiListingReferenceScanner     : Scanning for api listing references
2023-10-15 22:21:16.628  INFO 7104 --- [main] .d.s.w.r.o.CachingOperationNameGenerator : Generating unique operation named: invokeUsingPOST_1
2023-10-15 22:21:17.186  INFO 7104 --- [main] ration$HystrixMetricsPollerConfiguration : Starting poller
2023-10-15 22:21:17.288  INFO 7104 --- [main] s.b.c.e.t.TomcatEmbeddedServletContainer : Tomcat started on port(s): 8012 (http)
2023-10-15 22:21:17.290  INFO 7104 --- [main] .s.c.n.e.s.EurekaAutoServiceRegistration : Updating port to 8012
2023-10-15 22:21:17.297  INFO 7104 --- [main] c.e.service.teams.TeamsApplication       : Started TeamsApplication in 13.721 seconds (JVM running for 15.441)
2023-10-15 22:21:37.117  INFO 7104 --- [http-nio-8012-exec-1] o.a.c.c.C.[Tomcat].[localhost].[/]       : Initializing Spring FrameworkServlet 'dispatcherServlet'
2023-10-15 22:21:37.117  INFO 7104 --- [http-nio-8012-exec-1] o.s.web.servlet.DispatcherServlet        : FrameworkServlet 'dispatcherServlet': initialization started
2023-10-15 22:21:37.148  INFO 7104 --- [http-nio-8012-exec-1] o.s.web.servlet.DispatcherServlet        : FrameworkServlet 'dispatcherServlet': initialization completed in 30 ms
2023-10-15 22:25:17.469  INFO 7104 --- [DiscoveryClient-HeartbeatExecutor-0] com.netflix.discovery.DiscoveryClient    : DiscoveryClient_TEAMSERVICE/Amineenima:TeamService:8012 - Re-registering apps/TEAMSERVICE
2023-10-15 22:25:17.470  INFO 7104 --- [DiscoveryClient-HeartbeatExecutor-0] com.netflix.discovery.DiscoveryClient    : DiscoveryClient_TEAMSERVICE/Amineenima:TeamService:8012: registering service...
2023-10-15 22:25:17.486  INFO 7104 --- [DiscoveryClient-HeartbeatExecutor-0] com.netflix.discovery.DiscoveryClient    : DiscoveryClient_TEAMSERVICE/Amineenima:TeamService:8012 - registration status: 204
2023-10-15 22:26:15.856  INFO 7104 --- [AsyncResolver-bootstrap-executor-0] c.n.d.s.r.aws.ConfigClusterResolver      : Resolving eureka endpoints via configuration
2023-10-15 22:26:17.801  INFO 7104 --- [DiscoveryClient-HeartbeatExecutor-0] com.netflix.discovery.DiscoveryClient    : DiscoveryClient_TEAMSERVICE/Amineenima:TeamService:8012 - Re-registering apps/TEAMSERVICE
2023-10-15 22:26:17.802  INFO 7104 --- [DiscoveryClient-HeartbeatExecutor-0] com.netflix.discovery.DiscoveryClient    : DiscoveryClient_TEAMSERVICE/Amineenima:TeamService:8012: registering service...
2023-10-15 22:26:17.818  INFO 7104 --- [DiscoveryClient-HeartbeatExecutor-0] com.netflix.discovery.DiscoveryClient    : DiscoveryClient_TEAMSERVICE/Amineenima:TeamService:8012 - registration status: 204
2023-10-15 22:31:15.875  INFO 7104 --- [AsyncResolver-bootstrap-executor-0] c.n.d.s.r.aws.ConfigClusterResolver      : Resolving eureka endpoints via configuration
2023-10-15 22:31:23.109  INFO 7104 --- [Thread-33] ationConfigEmbeddedWebApplicationContext : Closing org.springframework.boot.context.embedded.AnnotationConfigEmbeddedWebApplicationContext@3a3e78f: startup date [Sun Oct 15 22:21:06 CEST 2023]; parent: org.springframework.context.annotation.AnnotationConfigApplicationContext@661972b0
2023-10-15 22:31:23.111  INFO 7104 --- [Thread-33] o.s.c.n.e.s.EurekaServiceRegistry        : Unregistering application TeamService with eureka with status DOWN
2023-10-15 22:31:23.111  WARN 7104 --- [Thread-33] com.netflix.discovery.DiscoveryClient    : Saw local status change event StatusChangeEvent [timestamp=1697401883111, current=DOWN, previous=UP]
2023-10-15 22:31:23.114  INFO 7104 --- [Thread-33] o.s.c.support.DefaultLifecycleProcessor  : Stopping beans in phase 2147483647
2023-10-15 22:31:23.116  INFO 7104 --- [Thread-33] o.s.c.support.DefaultLifecycleProcessor  : Stopping beans in phase 0
2023-10-15 22:31:23.116  WARN 7104 --- [DiscoveryClient-InstanceInfoReplicator-0] com.netflix.discovery.DiscoveryClient    : Saw local status change event StatusChangeEvent [timestamp=1697401883116, current=UP, previous=DOWN]
2023-10-15 22:31:23.117  INFO 7104 --- [DiscoveryClient-InstanceInfoReplicator-0] com.netflix.discovery.DiscoveryClient    : DiscoveryClient_TEAMSERVICE/Amineenima:TeamService:8012: registering service...
2023-10-15 22:31:23.119  INFO 7104 --- [Thread-33] o.s.j.e.a.AnnotationMBeanExporter        : Unregistering JMX-exposed beans on shutdown
2023-10-15 22:31:23.119  INFO 7104 --- [Thread-33] o.s.j.e.a.AnnotationMBeanExporter        : Unregistering JMX-exposed beans
2023-10-15 22:31:23.132  INFO 7104 --- [DiscoveryClient-InstanceInfoReplicator-0] com.netflix.discovery.DiscoveryClient    : DiscoveryClient_TEAMSERVICE/Amineenima:TeamService:8012 - registration status: 204
2023-10-15 22:31:23.135  WARN 7104 --- [Thread-33] c.n.c.sources.URLConfigurationSource     : No URLs will be polled as dynamic configuration sources.
2023-10-15 22:31:23.136  INFO 7104 --- [Thread-33] c.n.c.sources.URLConfigurationSource     : To enable URLs as dynamic configuration sources, define System property archaius.configurationSource.additionalUrls or make config.properties available on classpath.
2023-10-15 22:31:23.141  INFO 7104 --- [Thread-33] com.netflix.discovery.DiscoveryClient    : Shutting down DiscoveryClient ...
2023-10-15 22:31:23.143  INFO 7104 --- [Thread-33] com.netflix.discovery.DiscoveryClient    : Unregistering ...
2023-10-15 22:31:23.160  INFO 7104 --- [Thread-33] com.netflix.discovery.DiscoveryClient    : DiscoveryClient_TEAMSERVICE/Amineenima:TeamService:8012 - deregister  status: 200
2023-10-15 22:31:23.164  INFO 7104 --- [Thread-33] com.netflix.discovery.DiscoveryClient    : Completed shut down of DiscoveryClient
